LeadLoan/build/outputs/logs/manifest-merger-release-report.txt
-- Merging decision tree log ---
manifest
ADDED from test\LeadLoan\AndroidManifest.xml:2:1-940:12
	xmlns:android
		ADDED from test\LeadLoan\AndroidManifest.xml:2:11-69
	package
		ADDED from test\LeadLoan\AndroidManifest.xml:3:5-34
	android:versionName
		ADDED from test\LeadLoan\AndroidManifest.xml:5:5-30
	android:versionCode
		ADDED from test\LeadLoan\AndroidManifest.xml:4:5-30
		INJECTED from test\LeadLoan\AndroidManifest.xml
		INJECTED from test\LeadLoan\AndroidManifest.xml
uses-sdk
ADDED from test\LeadLoan\AndroidManifest.xml:7:5-9:41
MERGED from [test:ChatUIDemo:unspecified] AndroidManifest.xml:7:5-9:41
MERGED from [com.android.support:support-v4:23.0.1] AndroidManifest.xml:20:5-43
MERGED from [test:PullToRefresh_library:unspecified] AndroidManifest.xml:7:5-43
	android:targetSdkVersion
		ADDED from test\LeadLoan\AndroidManifest.xml:9:9-38
	android:minSdkVersion
		ADDED from test\LeadLoan\AndroidManifest.xml:8:9-35
uses-permission#android.permission.VIBRATE
ADDED from test\LeadLoan\AndroidManifest.xml:11:5-66
	android:name
		ADDED from test\LeadLoan\AndroidManifest.xml:11:22-63
uses-permission#android.permission.INTERNET
ADDED from test\LeadLoan\AndroidManifest.xml:13:5-67
	android:name
		ADDED from test\LeadLoan\AndroidManifest.xml:13:22-64
uses-permission#android.permission.RECORD_AUDIO
ADDED from test\LeadLoan\AndroidManifest.xml:15:5-71
	android:name
		ADDED from test\LeadLoan\AndroidManifest.xml:15:22-68
uses-permission#android.permission.CAMERA
ADDED from test\LeadLoan\AndroidManifest.xml:17:5-65
	android:name
		ADDED from test\LeadLoan\AndroidManifest.xml:17:22-62
uses-permission#android.permission.ACCESS_NETWORK_STATE
ADDED from test\LeadLoan\AndroidManifest.xml:19:5-79
	android:name
		ADDED from test\LeadLoan\AndroidManifest.xml:19:22-76
uses-permission#android.permission.ACCESS_MOCK_LOCATION
ADDED from test\LeadLoan\AndroidManifest.xml:21:5-79
	android:name
		ADDED from test\LeadLoan\AndroidManifest.xml:21:22-76
uses-permission#android.permission.WRITE_EXTERNAL_STORAGE
ADDED from test\LeadLoan\AndroidManifest.xml:23:5-81
	android:name
		ADDED from test\LeadLoan\AndroidManifest.xml:23:22-78
uses-permission#android.permission.MOUNT_UNMOUNT_FILESYSTEMS
ADDED from test\LeadLoan\AndroidManifest.xml:25:5-84
	android:name
		ADDED from test\LeadLoan\AndroidManifest.xml:25:22-81
uses-permission#android.permission.ACCESS_FINE_LOCATION
ADDED from test\LeadLoan\AndroidManifest.xml:27:5-79
	android:name
		ADDED from test\LeadLoan\AndroidManifest.xml:27:22-76
uses-permission#android.permission.GET_TASKS
ADDED from test\LeadLoan\AndroidManifest.xml:29:5-68
	android:name
		ADDED from test\LeadLoan\AndroidManifest.xml:29:22-65
uses-permission#android.permission.ACCESS_WIFI_STATE
ADDED from test\LeadLoan\AndroidManifest.xml:31:5-76
	android:name
		ADDED from test\LeadLoan\AndroidManifest.xml:31:22-73
uses-permission#android.permission.CHANGE_WIFI_STATE
ADDED from test\LeadLoan\AndroidManifest.xml:33:5-76
	android:name
		ADDED from test\LeadLoan\AndroidManifest.xml:33:22-73
uses-permission#android.permission.WAKE_LOCK
ADDED from test\LeadLoan\AndroidManifest.xml:35:5-68
	android:name
		ADDED from test\LeadLoan\AndroidManifest.xml:35:22-65
uses-permission#android.permission.MODIFY_AUDIO_SETTINGS
ADDED from test\LeadLoan\AndroidManifest.xml:37:5-80
	android:name
		ADDED from test\LeadLoan\AndroidManifest.xml:37:22-77
uses-permission#android.permission.READ_PHONE_STATE
ADDED from test\LeadLoan\AndroidManifest.xml:39:5-75
	android:name
		ADDED from test\LeadLoan\AndroidManifest.xml:39:22-72
uses-permission#android.permission.RECEIVE_BOOT_COMPLETED
ADDED from test\LeadLoan\AndroidManifest.xml:41:5-81
	android:name
		ADDED from test\LeadLoan\AndroidManifest.xml:41:22-78
uses-permission#android.permission.GET_ACCOUNTS
ADDED from test\LeadLoan\AndroidManifest.xml:43:5-71
	android:name
		ADDED from test\LeadLoan\AndroidManifest.xml:43:22-68
uses-permission#android.permission.USE_CREDENTIALS
ADDED from test\LeadLoan\AndroidManifest.xml:45:5-74
	android:name
		ADDED from test\LeadLoan\AndroidManifest.xml:45:22-71
uses-permission#android.permission.MANAGE_ACCOUNTS
ADDED from test\LeadLoan\AndroidManifest.xml:47:5-74
	android:name
		ADDED from test\LeadLoan\AndroidManifest.xml:47:22-71
uses-permission#android.permission.AUTHENTICATE_ACCOUNTS
ADDED from test\LeadLoan\AndroidManifest.xml:49:5-80
	android:name
		ADDED from test\LeadLoan\AndroidManifest.xml:49:22-77
uses-permission#com.android.launcher.permission.READ_SETTINGS
ADDED from test\LeadLoan\AndroidManifest.xml:50:5-85
	android:name
		ADDED from test\LeadLoan\AndroidManifest.xml:50:22-82
uses-permission#android.permission.BROADCAST_STICKY
ADDED from test\LeadLoan\AndroidManifest.xml:52:5-75
	android:name
		ADDED from test\LeadLoan\AndroidManifest.xml:52:22-72
uses-permission#android.permission.WRITE_SETTINGS
ADDED from test\LeadLoan\AndroidManifest.xml:54:5-73
	android:name
		ADDED from test\LeadLoan\AndroidManifest.xml:54:22-70
uses-permission#android.permission.SYSTEM_ALERT_WINDOW
ADDED from test\LeadLoan\AndroidManifest.xml:56:5-78
	android:name
		ADDED from test\LeadLoan\AndroidManifest.xml:56:22-75
uses-permission#android.permission.BAIDU_LOCATION_SERVICE
ADDED from test\LeadLoan\AndroidManifest.xml:58:5-81
	android:name
		ADDED from test\LeadLoan\AndroidManifest.xml:58:22-78
uses-permission#android.permission.ACCESS_COARSE_LOCATION
ADDED from test\LeadLoan\AndroidManifest.xml:60:5-81
	android:name
		ADDED from test\LeadLoan\AndroidManifest.xml:60:22-78
uses-permission#android.permission.READ_LOGS
ADDED from test\LeadLoan\AndroidManifest.xml:62:5-68
	android:name
		ADDED from test\LeadLoan\AndroidManifest.xml:62:22-65
uses-permission#android.permission.CALL_PHONE
ADDED from test\LeadLoan\AndroidManifest.xml:64:5-69
	android:name
		ADDED from test\LeadLoan\AndroidManifest.xml:64:22-66
uses-permission#android.permission.SEND_SMS
ADDED from test\LeadLoan\AndroidManifest.xml:66:5-67
	android:name
		ADDED from test\LeadLoan\AndroidManifest.xml:66:22-64
uses-permission#android.permission.READ_CONTACTS
ADDED from test\LeadLoan\AndroidManifest.xml:68:5-72
	android:name
		ADDED from test\LeadLoan\AndroidManifest.xml:68:22-69
uses-permission#android.permission.BLUETOOTH
ADDED from test\LeadLoan\AndroidManifest.xml:70:5-68
	android:name
		ADDED from test\LeadLoan\AndroidManifest.xml:70:22-65
uses-permission#android.permission.SET_DEBUG_APP
ADDED from test\LeadLoan\AndroidManifest.xml:94:5-72
	android:name
		ADDED from test\LeadLoan\AndroidManifest.xml:94:22-69
uses-permission#android.permission.RECEIVE_SMS
ADDED from test\LeadLoan\AndroidManifest.xml:106:6-70
	android:name
		ADDED from test\LeadLoan\AndroidManifest.xml:106:23-68
uses-permission#android.permission.READ_SMS
ADDED from test\LeadLoan\AndroidManifest.xml:110:2-63
	android:name
		ADDED from test\LeadLoan\AndroidManifest.xml:110:19-61
uses-permission#android.permission.WRITE_SMS
ADDED from test\LeadLoan\AndroidManifest.xml:112:2-65
	android:name
		ADDED from test\LeadLoan\AndroidManifest.xml:112:19-62
application
ADDED from test\LeadLoan\AndroidManifest.xml:114:5-938:19
MERGED from [com.android.support:support-v4:23.0.1] AndroidManifest.xml:22:5-20
MERGED from [test:PullToRefresh_library:unspecified] AndroidManifest.xml:9:5-20
	android:label
		ADDED from test\LeadLoan\AndroidManifest.xml:118:9-41
	android:allowBackup
		ADDED from test\LeadLoan\AndroidManifest.xml:116:9-35
	android:icon
		ADDED from test\LeadLoan\AndroidManifest.xml:117:9-43
	android:theme
		ADDED from test\LeadLoan\AndroidManifest.xml:119:9-62
	android:name
		ADDED from test\LeadLoan\AndroidManifest.xml:115:9-61
activity#com.surong.leadloan.start.SplashActivity
ADDED from test\LeadLoan\AndroidManifest.xml:123:9-132:20
	android:screenOrientation
		ADDED from test\LeadLoan\AndroidManifest.xml:126:13-49
	android:label
		ADDED from test\LeadLoan\AndroidManifest.xml:125:13-45
	android:name
		ADDED from test\LeadLoan\AndroidManifest.xml:124:13-68
intent-filter#android.intent.action.MAIN+android.intent.category.LAUNCHER
ADDED from test\LeadLoan\AndroidManifest.xml:127:13-131:29
action#android.intent.action.MAIN
ADDED from test\LeadLoan\AndroidManifest.xml:128:17-69
	android:name
		ADDED from test\LeadLoan\AndroidManifest.xml:128:25-66
category#android.intent.category.LAUNCHER
ADDED from test\LeadLoan\AndroidManifest.xml:130:17-77
	android:name
		ADDED from test\LeadLoan\AndroidManifest.xml:130:27-74
receiver#com.surong.leadloan.SettingActivity
ADDED from test\LeadLoan\AndroidManifest.xml:134:9-144:20
	android:name
		ADDED from test\LeadLoan\AndroidManifest.xml:134:19-49
intent-filter#android.intent.action.BOOT_COMPLETED
ADDED from test\LeadLoan\AndroidManifest.xml:135:13-137:29
action#android.intent.action.BOOT_COMPLETED
ADDED from test\LeadLoan\AndroidManifest.xml:136:17-79
	android:name
		ADDED from test\LeadLoan\AndroidManifest.xml:136:25-76
intent-filter#com.surong.leadloan.ACTION_ALARM
ADDED from test\LeadLoan\AndroidManifest.xml:138:13-140:29
action#com.surong.leadloan.ACTION_ALARM
ADDED from test\LeadLoan\AndroidManifest.xml:139:17-75
	android:name
		ADDED from test\LeadLoan\AndroidManifest.xml:139:25-72
intent-filter#com.surong.leadloan.ACTION_RESET_ALARM
ADDED from test\LeadLoan\AndroidManifest.xml:141:13-143:29
action#com.surong.leadloan.ACTION_RESET_ALARM
ADDED from test\LeadLoan\AndroidManifest.xml:142:17-81
	android:name
		ADDED from test\LeadLoan\AndroidManifest.xml:142:25-78
activity#com.surong.leadloan.start.GuideActivity
ADDED from test\LeadLoan\AndroidManifest.xml:146:9-151:20
	android:windowSoftInputMode
		ADDED from test\LeadLoan\AndroidManifest.xml:150:13-69
	android:screenOrientation
		ADDED from test\LeadLoan\AndroidManifest.xml:149:13-49
	android:label
		ADDED from test\LeadLoan\AndroidManifest.xml:148:13-45
	android:name
		ADDED from test\LeadLoan\AndroidManifest.xml:147:13-67
activity#com.surong.leadloan.start.WelcomeActivity
ADDED from test\LeadLoan\AndroidManifest.xml:152:9-157:20
	android:windowSoftInputMode
		ADDED from test\LeadLoan\AndroidManifest.xml:156:13-69
	android:screenOrientation
		ADDED from test\LeadLoan\AndroidManifest.xml:155:13-49
	android:label
		ADDED from test\LeadLoan\AndroidManifest.xml:154:13-45
	android:name
		ADDED from test\LeadLoan\AndroidManifest.xml:153:13-69
activity#com.surong.leadloan.activity.personal.WelcomeActivity1
ADDED from test\LeadLoan\AndroidManifest.xml:158:9-163:20
	android:windowSoftInputMode
		ADDED from test\LeadLoan\AndroidManifest.xml:162:13-69
	android:screenOrientation
		ADDED from test\LeadLoan\AndroidManifest.xml:161:13-49
	android:label
		ADDED from test\LeadLoan\AndroidManifest.xml:160:13-45
	android:name
		ADDED from test\LeadLoan\AndroidManifest.xml:159:13-82
activity#com.surong.leadloan.activity.personal.WelcomeActivity2
ADDED from test\LeadLoan\AndroidManifest.xml:164:9-169:20
	android:windowSoftInputMode
		ADDED from test\LeadLoan\AndroidManifest.xml:168:13-69
	android:screenOrientation
		ADDED from test\LeadLoan\AndroidManifest.xml:167:13-49
	android:label
		ADDED from test\LeadLoan\AndroidManifest.xml:166:13-45
	android:name
		ADDED from test\LeadLoan\AndroidManifest.xml:165:13-82
activity#com.surong.leadloan.activity.personal.WelcomeActivity3
ADDED from test\LeadLoan\AndroidManifest.xml:170:9-175:20
	android:windowSoftInputMode
		ADDED from test\LeadLoan\AndroidManifest.xml:174:13-69
	android:screenOrientation
		ADDED from test\LeadLoan\AndroidManifest.xml:173:13-49
	android:label
		ADDED from test\LeadLoan\AndroidManifest.xml:172:13-45
	android:name
		ADDED from test\LeadLoan\AndroidManifest.xml:171:13-82
activity#com.surong.leadloan.start.LoginActivity
ADDED from test\LeadLoan\AndroidManifest.xml:176:9-181:20
	android:windowSoftInputMode
		ADDED from test\LeadLoan\AndroidManifest.xml:180:13-69
	android:screenOrientation
		ADDED from test\LeadLoan\AndroidManifest.xml:179:13-49
	android:label
		ADDED from test\LeadLoan\AndroidManifest.xml:178:13-45
	android:name
		ADDED from test\LeadLoan\AndroidManifest.xml:177:13-67
activity#com.surong.leadloan.activity.personal.OldFunctionIntroduction
ADDED from test\LeadLoan\AndroidManifest.xml:182:9-187:20
	android:windowSoftInputMode
		ADDED from test\LeadLoan\AndroidManifest.xml:186:13-69
	android:screenOrientation
		ADDED from test\LeadLoan\AndroidManifest.xml:185:13-49
	android:label
		ADDED from test\LeadLoan\AndroidManifest.xml:184:13-45
	android:name
		ADDED from test\LeadLoan\AndroidManifest.xml:183:13-89
activity#com.surong.leadloan.activity.personal.NewFunctionIntroduction
ADDED from test\LeadLoan\AndroidManifest.xml:188:9-193:20
	android:windowSoftInputMode
		ADDED from test\LeadLoan\AndroidManifest.xml:192:13-69
	android:screenOrientation
		ADDED from test\LeadLoan\AndroidManifest.xml:191:13-49
	android:label
		ADDED from test\LeadLoan\AndroidManifest.xml:190:13-45
	android:name
		ADDED from test\LeadLoan\AndroidManifest.xml:189:13-89
activity#com.surong.leadloan.activity.personal.AboutReceiveLoanActivity
ADDED from test\LeadLoan\AndroidManifest.xml:194:9-199:20
	android:windowSoftInputMode
		ADDED from test\LeadLoan\AndroidManifest.xml:198:13-69
	android:screenOrientation
		ADDED from test\LeadLoan\AndroidManifest.xml:197:13-49
	android:label
		ADDED from test\LeadLoan\AndroidManifest.xml:196:13-45
	android:name
		ADDED from test\LeadLoan\AndroidManifest.xml:195:13-90
activity#com.surong.leadloan.start.RegisterActivity
ADDED from test\LeadLoan\AndroidManifest.xml:200:9-205:20
	android:windowSoftInputMode
		ADDED from test\LeadLoan\AndroidManifest.xml:204:13-69
	android:screenOrientation
		ADDED from test\LeadLoan\AndroidManifest.xml:203:13-49
	android:label
		ADDED from test\LeadLoan\AndroidManifest.xml:202:13-45
	android:name
		ADDED from test\LeadLoan\AndroidManifest.xml:201:13-70
activity#com.surong.leadloan.start.RegisterCompleteOneActivity
ADDED from test\LeadLoan\AndroidManifest.xml:206:9-219:20
	android:windowSoftInputMode
		ADDED from test\LeadLoan\AndroidManifest.xml:210:13-69
	android:screenOrientation
		ADDED from test\LeadLoan\AndroidManifest.xml:209:13-49
	android:label
		ADDED from test\LeadLoan\AndroidManifest.xml:208:13-45
	android:name
		ADDED from test\LeadLoan\AndroidManifest.xml:207:13-81
activity#com.surong.leadloan.start.CitySelectActivity2
ADDED from test\LeadLoan\AndroidManifest.xml:220:9-225:20
	android:windowSoftInputMode
		ADDED from test\LeadLoan\AndroidManifest.xml:224:13-69
	android:screenOrientation
		ADDED from test\LeadLoan\AndroidManifest.xml:223:13-49
	android:label
		ADDED from test\LeadLoan\AndroidManifest.xml:222:13-45
	android:name
		ADDED from test\LeadLoan\AndroidManifest.xml:221:13-73
activity#com.surong.leadloan.start.RegisterCompleteTwoActivity
ADDED from test\LeadLoan\AndroidManifest.xml:226:9-239:20
	android:windowSoftInputMode
		ADDED from test\LeadLoan\AndroidManifest.xml:230:13-69
	android:screenOrientation
		ADDED from test\LeadLoan\AndroidManifest.xml:229:13-49
	android:label
		ADDED from test\LeadLoan\AndroidManifest.xml:228:13-45
	android:name
		ADDED from test\LeadLoan\AndroidManifest.xml:227:13-81
activity#com.surong.leadloan.start.RegisterDeclareActivity
ADDED from test\LeadLoan\AndroidManifest.xml:240:9-245:20
	android:windowSoftInputMode
		ADDED from test\LeadLoan\AndroidManifest.xml:244:13-69
	android:screenOrientation
		ADDED from test\LeadLoan\AndroidManifest.xml:243:13-49
	android:label
		ADDED from test\LeadLoan\AndroidManifest.xml:242:13-45
	android:name
		ADDED from test\LeadLoan\AndroidManifest.xml:241:13-77
activity#com.surong.leadloan.start.ForgetPasswordActivity
ADDED from test\LeadLoan\AndroidManifest.xml:246:9-251:20
	android:windowSoftInputMode
		ADDED from test\LeadLoan\AndroidManifest.xml:250:13-69
	android:screenOrientation
		ADDED from test\LeadLoan\AndroidManifest.xml:249:13-49
	android:label
		ADDED from test\LeadLoan\AndroidManifest.xml:248:13-45
	android:name
		ADDED from test\LeadLoan\AndroidManifest.xml:247:13-76
activity#com.surong.leadloan.start.SetPwdActivity
ADDED from test\LeadLoan\AndroidManifest.xml:252:9-257:20
	android:windowSoftInputMode
		ADDED from test\LeadLoan\AndroidManifest.xml:256:13-69
	android:screenOrientation
		ADDED from test\LeadLoan\AndroidManifest.xml:255:13-49
	android:label
		ADDED from test\LeadLoan\AndroidManifest.xml:254:13-45
	android:name
		ADDED from test\LeadLoan\AndroidManifest.xml:253:13-68
activity#com.surong.leadloan.start.MainActivity
ADDED from test\LeadLoan\AndroidManifest.xml:258:9-272:20
	android:windowSoftInputMode
		ADDED from test\LeadLoan\AndroidManifest.xml:262:13-69
	android:screenOrientation
		ADDED from test\LeadLoan\AndroidManifest.xml:261:13-49
	android:label
		ADDED from test\LeadLoan\AndroidManifest.xml:260:13-45
	android:name
		ADDED from test\LeadLoan\AndroidManifest.xml:259:13-66
activity#com.surong.leadloan.start.InstituteActivity
ADDED from test\LeadLoan\AndroidManifest.xml:273:9-278:20
	android:windowSoftInputMode
		ADDED from test\LeadLoan\AndroidManifest.xml:277:13-69
	android:screenOrientation
		ADDED from test\LeadLoan\AndroidManifest.xml:276:13-49
	android:label
		ADDED from test\LeadLoan\AndroidManifest.xml:275:13-45
	android:name
		ADDED from test\LeadLoan\AndroidManifest.xml:274:13-71
activity#com.surong.leadloan.activity.contact_group.PeerActivity
ADDED from test\LeadLoan\AndroidManifest.xml:282:9-287:20
	android:windowSoftInputMode
		ADDED from test\LeadLoan\AndroidManifest.xml:286:13-69
	android:screenOrientation
		ADDED from test\LeadLoan\AndroidManifest.xml:285:13-49
	android:label
		ADDED from test\LeadLoan\AndroidManifest.xml:284:13-45
	android:name
		ADDED from test\LeadLoan\AndroidManifest.xml:283:13-83
activity#com.surong.leadloan.activity.contact_group.CitySelectActivity
ADDED from test\LeadLoan\AndroidManifest.xml:288:9-293:20
	android:windowSoftInputMode
		ADDED from test\LeadLoan\AndroidManifest.xml:292:13-69
	android:screenOrientation
		ADDED from test\LeadLoan\AndroidManifest.xml:291:13-49
	android:label
		ADDED from test\LeadLoan\AndroidManifest.xml:290:13-45
	android:name
		ADDED from test\LeadLoan\AndroidManifest.xml:289:13-89
activity#com.surong.leadloan.activity.contact_group.FriendsActivity
ADDED from test\LeadLoan\AndroidManifest.xml:294:9-299:20
	android:windowSoftInputMode
		ADDED from test\LeadLoan\AndroidManifest.xml:298:13-69
	android:screenOrientation
		ADDED from test\LeadLoan\AndroidManifest.xml:297:13-49
	android:label
		ADDED from test\LeadLoan\AndroidManifest.xml:296:13-45
	android:name
		ADDED from test\LeadLoan\AndroidManifest.xml:295:13-86
activity#com.surong.leadloan.activity.contact_group.NearPeerActivity
ADDED from test\LeadLoan\AndroidManifest.xml:300:9-305:20
	android:windowSoftInputMode
		ADDED from test\LeadLoan\AndroidManifest.xml:304:13-69
	android:screenOrientation
		ADDED from test\LeadLoan\AndroidManifest.xml:303:13-49
	android:label
		ADDED from test\LeadLoan\AndroidManifest.xml:302:13-45
	android:name
		ADDED from test\LeadLoan\AndroidManifest.xml:301:13-87
activity#com.surong.leadloan.activity.contact_group.PossibleKnowActivity
ADDED from test\LeadLoan\AndroidManifest.xml:306:9-311:20
	android:windowSoftInputMode
		ADDED from test\LeadLoan\AndroidManifest.xml:310:13-69
	android:screenOrientation
		ADDED from test\LeadLoan\AndroidManifest.xml:309:13-49
	android:label
		ADDED from test\LeadLoan\AndroidManifest.xml:308:13-45
	android:name
		ADDED from test\LeadLoan\AndroidManifest.xml:307:13-91
activity#com.surong.leadloan.activity.contact_group.ContactListActivity
ADDED from test\LeadLoan\AndroidManifest.xml:312:9-317:20
	android:windowSoftInputMode
		ADDED from test\LeadLoan\AndroidManifest.xml:316:13-69
	android:screenOrientation
		ADDED from test\LeadLoan\AndroidManifest.xml:315:13-49
	android:label
		ADDED from test\LeadLoan\AndroidManifest.xml:314:13-45
	android:name
		ADDED from test\LeadLoan\AndroidManifest.xml:313:13-90
activity#com.surong.leadloan.activity.AddressBookGet
ADDED from test\LeadLoan\AndroidManifest.xml:318:9-331:20
	android:windowSoftInputMode
		ADDED from test\LeadLoan\AndroidManifest.xml:322:13-69
	android:screenOrientation
		ADDED from test\LeadLoan\AndroidManifest.xml:321:13-49
	android:label
		ADDED from test\LeadLoan\AndroidManifest.xml:320:13-45
	android:name
		ADDED from test\LeadLoan\AndroidManifest.xml:319:13-71
activity#com.surong.leadloan.activity.AddressBookExplain
ADDED from test\LeadLoan\AndroidManifest.xml:332:9-337:20
	android:windowSoftInputMode
		ADDED from test\LeadLoan\AndroidManifest.xml:336:13-69
	android:screenOrientation
		ADDED from test\LeadLoan\AndroidManifest.xml:335:13-49
	android:label
		ADDED from test\LeadLoan\AndroidManifest.xml:334:13-45
	android:name
		ADDED from test\LeadLoan\AndroidManifest.xml:333:13-75
activity#com.surong.leadloan.activity.AddressBook
ADDED from test\LeadLoan\AndroidManifest.xml:338:9-343:20
	android:windowSoftInputMode
		ADDED from test\LeadLoan\AndroidManifest.xml:342:13-69
	android:screenOrientation
		ADDED from test\LeadLoan\AndroidManifest.xml:341:13-49
	android:label
		ADDED from test\LeadLoan\AndroidManifest.xml:340:13-45
	android:name
		ADDED from test\LeadLoan\AndroidManifest.xml:339:13-68
activity#com.surong.leadloan.activity.personal.MShopActivity
ADDED from test\LeadLoan\AndroidManifest.xml:344:9-354:20
	android:windowSoftInputMode
		ADDED from test\LeadLoan\AndroidManifest.xml:348:13-69
	android:screenOrientation
		ADDED from test\LeadLoan\AndroidManifest.xml:347:13-49
	android:label
		ADDED from test\LeadLoan\AndroidManifest.xml:346:13-45
	android:name
		ADDED from test\LeadLoan\AndroidManifest.xml:345:13-79
intent-filter#android.intent.action.SENDTO+android.intent.category.DEFAULT
ADDED from test\LeadLoan\AndroidManifest.xml:349:13-353:29
action#android.intent.action.SENDTO
ADDED from test\LeadLoan\AndroidManifest.xml:350:17-71
	android:name
		ADDED from test\LeadLoan\AndroidManifest.xml:350:25-68
category#android.intent.category.DEFAULT
ADDED from test\LeadLoan\AndroidManifest.xml:352:17-76
	android:name
		ADDED from test\LeadLoan\AndroidManifest.xml:352:27-73
activity#com.surong.leadloan.activity.personal.AboutActivity
ADDED from test\LeadLoan\AndroidManifest.xml:355:9-360:20
	android:windowSoftInputMode
		ADDED from test\LeadLoan\AndroidManifest.xml:359:13-69
	android:screenOrientation
		ADDED from test\LeadLoan\AndroidManifest.xml:358:13-49
	android:label
		ADDED from test\LeadLoan\AndroidManifest.xml:357:13-45
	android:name
		ADDED from test\LeadLoan\AndroidManifest.xml:356:13-79
activity#com.surong.leadloan.activity.personal.SettingActivity
ADDED from test\LeadLoan\AndroidManifest.xml:361:9-366:20
	android:windowSoftInputMode
		ADDED from test\LeadLoan\AndroidManifest.xml:365:13-69
	android:screenOrientation
		ADDED from test\LeadLoan\AndroidManifest.xml:364:13-49
	android:label
		ADDED from test\LeadLoan\AndroidManifest.xml:363:13-45
	android:name
		ADDED from test\LeadLoan\AndroidManifest.xml:362:13-81
activity#com.surong.leadloan.activity.personal.ApplyCertification
ADDED from test\LeadLoan\AndroidManifest.xml:367:9-372:20
	android:windowSoftInputMode
		ADDED from test\LeadLoan\AndroidManifest.xml:371:13-69
	android:screenOrientation
		ADDED from test\LeadLoan\AndroidManifest.xml:370:13-49
	android:label
		ADDED from test\LeadLoan\AndroidManifest.xml:369:13-45
	android:name
		ADDED from test\LeadLoan\AndroidManifest.xml:368:13-84
activity#com.surong.leadloan.activity.personal.FinishPersonalInformation
ADDED from test\LeadLoan\AndroidManifest.xml:373:9-378:20
	android:windowSoftInputMode
		ADDED from test\LeadLoan\AndroidManifest.xml:377:13-69
	android:screenOrientation
		ADDED from test\LeadLoan\AndroidManifest.xml:376:13-49
	android:label
		ADDED from test\LeadLoan\AndroidManifest.xml:375:13-45
	android:name
		ADDED from test\LeadLoan\AndroidManifest.xml:374:13-91
activity#com.surong.leadloan.activity.personal.DefaultAvatarActivity
ADDED from test\LeadLoan\AndroidManifest.xml:379:9-384:20
	android:windowSoftInputMode
		ADDED from test\LeadLoan\AndroidManifest.xml:383:13-69
	android:screenOrientation
		ADDED from test\LeadLoan\AndroidManifest.xml:382:13-49
	android:label
		ADDED from test\LeadLoan\AndroidManifest.xml:381:13-45
	android:name
		ADDED from test\LeadLoan\AndroidManifest.xml:380:13-87
activity#com.surong.leadloan.activity.personal.AccountActivity
ADDED from test\LeadLoan\AndroidManifest.xml:385:9-390:20
	android:windowSoftInputMode
		ADDED from test\LeadLoan\AndroidManifest.xml:389:13-69
	android:screenOrientation
		ADDED from test\LeadLoan\AndroidManifest.xml:388:13-49
	android:label
		ADDED from test\LeadLoan\AndroidManifest.xml:387:13-45
	android:name
		ADDED from test\LeadLoan\AndroidManifest.xml:386:13-81
activity#com.surong.leadloan.activity.personal.IntegrationActivity
ADDED from test\LeadLoan\AndroidManifest.xml:391:9-396:20
	android:windowSoftInputMode
		ADDED from test\LeadLoan\AndroidManifest.xml:395:13-69
	android:screenOrientation
		ADDED from test\LeadLoan\AndroidManifest.xml:394:13-49
	android:label
		ADDED from test\LeadLoan\AndroidManifest.xml:393:13-45
	android:name
		ADDED from test\LeadLoan\AndroidManifest.xml:392:13-85
activity#com.surong.leadloan.activity.personal.SecuritiesActivity
ADDED from test\LeadLoan\AndroidManifest.xml:397:9-402:20
	android:windowSoftInputMode
		ADDED from test\LeadLoan\AndroidManifest.xml:401:13-69
	android:screenOrientation
		ADDED from test\LeadLoan\AndroidManifest.xml:400:13-49
	android:label
		ADDED from test\LeadLoan\AndroidManifest.xml:399:13-45
	android:name
		ADDED from test\LeadLoan\AndroidManifest.xml:398:13-84
activity#com.surong.leadloan.activity.personal.SecuritieExchange
ADDED from test\LeadLoan\AndroidManifest.xml:403:9-408:20
	android:windowSoftInputMode
		ADDED from test\LeadLoan\AndroidManifest.xml:407:13-69
	android:screenOrientation
		ADDED from test\LeadLoan\AndroidManifest.xml:406:13-49
	android:label
		ADDED from test\LeadLoan\AndroidManifest.xml:405:13-45
	android:name
		ADDED from test\LeadLoan\AndroidManifest.xml:404:13-83
activity#com.surong.leadloan.activity.personal.IntegralIntroduction
ADDED from test\LeadLoan\AndroidManifest.xml:409:9-414:20
	android:windowSoftInputMode
		ADDED from test\LeadLoan\AndroidManifest.xml:413:13-69
	android:screenOrientation
		ADDED from test\LeadLoan\AndroidManifest.xml:412:13-49
	android:label
		ADDED from test\LeadLoan\AndroidManifest.xml:411:13-45
	android:name
		ADDED from test\LeadLoan\AndroidManifest.xml:410:13-86
activity#com.surong.leadloan.activity.personal.AccountRecharge
ADDED from test\LeadLoan\AndroidManifest.xml:415:9-420:20
	android:windowSoftInputMode
		ADDED from test\LeadLoan\AndroidManifest.xml:419:13-69
	android:screenOrientation
		ADDED from test\LeadLoan\AndroidManifest.xml:418:13-49
	android:label
		ADDED from test\LeadLoan\AndroidManifest.xml:417:13-45
	android:name
		ADDED from test\LeadLoan\AndroidManifest.xml:416:13-81
activity#com.surong.leadloan.activity.personal.MyEvaluate
ADDED from test\LeadLoan\AndroidManifest.xml:421:9-426:20
	android:windowSoftInputMode
		ADDED from test\LeadLoan\AndroidManifest.xml:425:13-69
	android:screenOrientation
		ADDED from test\LeadLoan\AndroidManifest.xml:424:13-49
	android:label
		ADDED from test\LeadLoan\AndroidManifest.xml:423:13-45
	android:name
		ADDED from test\LeadLoan\AndroidManifest.xml:422:13-76
activity#com.surong.leadloan.activity.crm.SpreadOrderDetailActivity
ADDED from test\LeadLoan\AndroidManifest.xml:427:9-432:20
	android:windowSoftInputMode
		ADDED from test\LeadLoan\AndroidManifest.xml:431:13-69
	android:screenOrientation
		ADDED from test\LeadLoan\AndroidManifest.xml:430:13-49
	android:label
		ADDED from test\LeadLoan\AndroidManifest.xml:429:13-45
	android:name
		ADDED from test\LeadLoan\AndroidManifest.xml:428:13-86
activity#com.surong.leadloan.activity.personal.PrivacySettingActivity
ADDED from test\LeadLoan\AndroidManifest.xml:433:9-438:20
	android:windowSoftInputMode
		ADDED from test\LeadLoan\AndroidManifest.xml:437:13-69
	android:screenOrientation
		ADDED from test\LeadLoan\AndroidManifest.xml:436:13-49
	android:label
		ADDED from test\LeadLoan\AndroidManifest.xml:435:13-45
	android:name
		ADDED from test\LeadLoan\AndroidManifest.xml:434:13-88
activity#com.surong.leadloan.activity.personal.ChangePassword
ADDED from test\LeadLoan\AndroidManifest.xml:439:9-444:20
	android:windowSoftInputMode
		ADDED from test\LeadLoan\AndroidManifest.xml:443:13-69
	android:screenOrientation
		ADDED from test\LeadLoan\AndroidManifest.xml:442:13-49
	android:label
		ADDED from test\LeadLoan\AndroidManifest.xml:441:13-45
	android:name
		ADDED from test\LeadLoan\AndroidManifest.xml:440:13-80
activity#com.surong.leadloan.activity.crm.ChangeStatusActivity
ADDED from test\LeadLoan\AndroidManifest.xml:445:9-450:20
	android:windowSoftInputMode
		ADDED from test\LeadLoan\AndroidManifest.xml:449:13-69
	android:screenOrientation
		ADDED from test\LeadLoan\AndroidManifest.xml:448:13-49
	android:label
		ADDED from test\LeadLoan\AndroidManifest.xml:447:13-45
	android:name
		ADDED from test\LeadLoan\AndroidManifest.xml:446:13-81
activity#com.surong.leadloan.activity.crm.ContactActivity
ADDED from test\LeadLoan\AndroidManifest.xml:451:9-456:20
	android:windowSoftInputMode
		ADDED from test\LeadLoan\AndroidManifest.xml:455:13-69
	android:screenOrientation
		ADDED from test\LeadLoan\AndroidManifest.xml:454:13-49
	android:label
		ADDED from test\LeadLoan\AndroidManifest.xml:453:13-45
	android:name
		ADDED from test\LeadLoan\AndroidManifest.xml:452:13-76
activity#com.surong.leadloan.activity.crm.ContactActivity2
ADDED from test\LeadLoan\AndroidManifest.xml:457:9-462:20
	android:windowSoftInputMode
		ADDED from test\LeadLoan\AndroidManifest.xml:461:13-69
	android:screenOrientation
		ADDED from test\LeadLoan\AndroidManifest.xml:460:13-49
	android:label
		ADDED from test\LeadLoan\AndroidManifest.xml:459:13-45
	android:name
		ADDED from test\LeadLoan\AndroidManifest.xml:458:13-77
activity#com.easemob.chatuidemo.activity.ChatActivity
ADDED from test\LeadLoan\AndroidManifest.xml:481:9-495:20
	android:windowSoftInputMode